<?xml version="1.0" encoding="UTF-8"?>
<!-- Generated by org.testng.reporters.JUnitReportReporter -->
<testsuite hostname="DESKTOP-C5JBV4O" failures="0" tests="1" name="test.ProductSelectionTest" time="3.719" errors="0" timestamp="2021-09-15T16:01:26 CEST" skipped="0">
  <testcase classname="test.ProductSelectionTest" name="ProductSelectTest" time="3.719"/>
  <system-out/>
</testsuite> <!-- test.ProductSelectionTest -->
