<?xml version="1.0" encoding="UTF-8"?>
<!-- Generated by org.testng.reporters.JUnitReportReporter -->
<testsuite hostname="DESKTOP-C5JBV4O" failures="0" tests="2" name="test.LoginTest" time="9.662" errors="0" timestamp="2021-09-15T16:01:26 CEST" skipped="0">
  <testcase classname="test.LoginTest" name="LoginFailiure" time="5.720"/>
  <system-out/>
  <testcase classname="test.LoginTest" name="LoginSuccess" time="3.942"/>
  <system-out/>
</testsuite> <!-- test.LoginTest -->
