<?xml version="1.0" encoding="UTF-8"?>
<!-- Generated by org.testng.reporters.JUnitReportReporter -->
<testsuite skipped="0" hostname="DESKTOP-C5JBV4O" name="test.ProductSelectionTest" tests="1" failures="0" timestamp="2021-09-15T16:31:52 CEST" time="6.667" errors="0">
  <testcase name="ProductSelectTest" time="6.667" classname="test.ProductSelectionTest"/>
  <system-out/>
</testsuite> <!-- test.ProductSelectionTest -->
