<?xml version="1.0" encoding="UTF-8"?>
<!-- Generated by org.testng.reporters.JUnitReportReporter -->
<testsuite skipped="0" hostname="DESKTOP-C5JBV4O" name="test.LoginTest" tests="2" failures="0" timestamp="2021-09-15T16:28:50 CEST" time="10.260" errors="0">
  <testcase name="LoginFailiure" time="5.720" classname="test.LoginTest"/>
  <system-out/>
  <testcase name="LoginSuccess" time="4.540" classname="test.LoginTest"/>
  <system-out/>
</testsuite> <!-- test.LoginTest -->
